<?xml version="1.0" encoding="UTF-8"?>
<testsuite xmlns:xsi="http://www.w3.org/2001/XMLSchema-instance" xsi:noNamespaceSchemaLocation="https://maven.apache.org/surefire/maven-surefire-plugin/xsd/surefire-test-report-3.0.xsd" version="3.0" name="com.example.Bai3Test" time="0.078" tests="5" errors="0" skipped="0" failures="0">
  <properties>
[...]
</properties>
  <testcase name="testVoNghiem" classname="com.example.Bai3Test" time="0.015"/>
  <testcase name="testA0B0" classname="com.example.Bai3Test" time="0.004"/>
  <testcase name="testNghiemKep" classname="com.example.Bai3Test" time="0.003"/>
  <testcase name="testA0BKhac0" classname="com.example.Bai3Test" time="0.013"/>
  <testcase name="testHaiNghiem" classname="com.example.Bai3Test" time="0.006"/>
</testsuite>